{"/Users/jxnata/Projects/card-game/src/config/game.config.ts": {"path":"/Users/jxnata/Projects/card-game/src/config/game.config.ts","statementMap":{"0":{"start":{"line":1,"column":13},"end":{"line":10,"column":null}}},"fnMap":{},"branchMap":{},"s":{"0":2},"f":{},"b":{}}
,"/Users/jxnata/Projects/card-game/src/models/Player.ts": {"path":"/Users/jxnata/Projects/card-game/src/models/Player.ts","statementMap":{"0":{"start":{"line":7,"column":1},"end":{"line":7,"column":null}},"1":{"start":{"line":8,"column":1},"end":{"line":8,"column":null}},"2":{"start":{"line":11,"column":2},"end":{"line":11,"column":null}},"3":{"start":{"line":12,"column":2},"end":{"line":12,"column":null}},"4":{"start":{"line":13,"column":2},"end":{"line":13,"column":null}},"5":{"start":{"line":14,"column":2},"end":{"line":14,"column":40}},"6":{"start":{"line":18,"column":2},"end":{"line":18,"column":null}},"7":{"start":{"line":18,"column":37},"end":{"line":18,"column":49}},"8":{"start":{"line":22,"column":2},"end":{"line":24,"column":null}},"9":{"start":{"line":23,"column":25},"end":{"line":23,"column":47}},"10":{"start":{"line":24,"column":21},"end":{"line":24,"column":26}},"11":{"start":{"line":28,"column":2},"end":{"line":28,"column":null}},"12":{"start":{"line":28,"column":41},"end":{"line":28,"column":63}},"13":{"start":{"line":3,"column":0},"end":{"line":3,"column":13}}},"fnMap":{"0":{"name":"(anonymous_0)","decl":{"start":{"line":10,"column":1},"end":{"line":10,"column":13}},"loc":{"start":{"line":10,"column":23},"end":{"line":15,"column":2}}},"1":{"name":"(anonymous_1)","decl":{"start":{"line":17,"column":1},"end":{"line":17,"column":5}},"loc":{"start":{"line":17,"column":8},"end":{"line":19,"column":2}}},"2":{"name":"(anonymous_2)","decl":{"start":{"line":18,"column":27},"end":{"line":18,"column":28}},"loc":{"start":{"line":18,"column":37},"end":{"line":18,"column":49}}},"3":{"name":"(anonymous_3)","decl":{"start":{"line":21,"column":1},"end":{"line":21,"column":5}},"loc":{"start":{"line":21,"column":13},"end":{"line":25,"column":2}}},"4":{"name":"(anonymous_4)","decl":{"start":{"line":23,"column":11},"end":{"line":23,"column":12}},"loc":{"start":{"line":23,"column":25},"end":{"line":23,"column":47}}},"5":{"name":"(anonymous_5)","decl":{"start":{"line":24,"column":11},"end":{"line":24,"column":12}},"loc":{"start":{"line":24,"column":21},"end":{"line":24,"column":26}}},"6":{"name":"(anonymous_6)","decl":{"start":{"line":27,"column":1},"end":{"line":27,"column":16}},"loc":{"start":{"line":27,"column":16},"end":{"line":29,"column":2}}},"7":{"name":"(anonymous_7)","decl":{"start":{"line":28,"column":27},"end":{"line":28,"column":28}},"loc":{"start":{"line":28,"column":41},"end":{"line":28,"column":63}}}},"branchMap":{"0":{"loc":{"start":{"line":18,"column":42},"end":{"line":18,"column":48}},"type":"binary-expr","locations":[{"start":{"line":18,"column":42},"end":{"line":18,"column":43}},{"start":{"line":18,"column":47},"end":{"line":18,"column":48}}]}},"s":{"0":127,"1":127,"2":127,"3":127,"4":127,"5":127,"6":163,"7":486,"8":3,"9":9,"10":5,"11":3,"12":9,"13":2},"f":{"0":127,"1":163,"2":486,"3":3,"4":9,"5":5,"6":3,"7":9},"b":{"0":[486,20]}}
,"/Users/jxnata/Projects/card-game/src/services/Game.ts": {"path":"/Users/jxnata/Projects/card-game/src/services/Game.ts","statementMap":{"0":{"start":{"line":1,"column":0},"end":{"line":1,"column":51}},"1":{"start":{"line":2,"column":0},"end":{"line":2,"column":38}},"2":{"start":{"line":4,"column":0},"end":{"line":4,"column":41}},"3":{"start":{"line":9,"column":1},"end":{"line":9,"column":null}},"4":{"start":{"line":10,"column":1},"end":{"line":10,"column":null}},"5":{"start":{"line":11,"column":1},"end":{"line":11,"column":null}},"6":{"start":{"line":12,"column":1},"end":{"line":12,"column":null}},"7":{"start":{"line":15,"column":2},"end":{"line":17,"column":3}},"8":{"start":{"line":16,"column":3},"end":{"line":16,"column":null}},"9":{"start":{"line":19,"column":2},"end":{"line":19,"column":null}},"10":{"start":{"line":19,"column":63},"end":{"line":19,"column":80}},"11":{"start":{"line":20,"column":2},"end":{"line":20,"column":null}},"12":{"start":{"line":21,"column":2},"end":{"line":21,"column":null}},"13":{"start":{"line":22,"column":2},"end":{"line":22,"column":null}},"14":{"start":{"line":26,"column":23},"end":{"line":26,"column":25}},"15":{"start":{"line":27,"column":2},"end":{"line":32,"column":3}},"16":{"start":{"line":27,"column":15},"end":{"line":27,"column":16}},"17":{"start":{"line":28,"column":3},"end":{"line":28,"column":16}},"18":{"start":{"line":29,"column":3},"end":{"line":29,"column":17}},"19":{"start":{"line":30,"column":3},"end":{"line":30,"column":17}},"20":{"start":{"line":31,"column":3},"end":{"line":31,"column":null}},"21":{"start":{"line":31,"column":16},"end":{"line":31,"column":17}},"22":{"start":{"line":31,"column":33},"end":{"line":31,"column":null}},"23":{"start":{"line":34,"column":2},"end":{"line":36,"column":3}},"24":{"start":{"line":35,"column":3},"end":{"line":35,"column":null}},"25":{"start":{"line":38,"column":2},"end":{"line":38,"column":null}},"26":{"start":{"line":42,"column":2},"end":{"line":45,"column":3}},"27":{"start":{"line":42,"column":15},"end":{"line":42,"column":30}},"28":{"start":{"line":43,"column":13},"end":{"line":43,"column":48}},"29":{"start":{"line":44,"column":5},"end":{"line":44,"column":null}},"30":{"start":{"line":50,"column":24},"end":{"line":50,"column":63}},"31":{"start":{"line":50,"column":49},"end":{"line":50,"column":62}},"32":{"start":{"line":52,"column":2},"end":{"line":57,"column":3}},"33":{"start":{"line":53,"column":3},"end":{"line":55,"column":4}},"34":{"start":{"line":54,"column":4},"end":{"line":54,"column":null}},"35":{"start":{"line":56,"column":3},"end":{"line":56,"column":null}},"36":{"start":{"line":63,"column":2},"end":{"line":63,"column":null}},"37":{"start":{"line":67,"column":2},"end":{"line":69,"column":3}},"38":{"start":{"line":68,"column":3},"end":{"line":68,"column":null}},"39":{"start":{"line":70,"column":15},"end":{"line":70,"column":30}},"40":{"start":{"line":71,"column":2},"end":{"line":73,"column":3}},"41":{"start":{"line":72,"column":3},"end":{"line":72,"column":null}},"42":{"start":{"line":74,"column":2},"end":{"line":74,"column":null}},"43":{"start":{"line":78,"column":2},"end":{"line":80,"column":3}},"44":{"start":{"line":79,"column":3},"end":{"line":79,"column":null}},"45":{"start":{"line":81,"column":2},"end":{"line":81,"column":null}},"46":{"start":{"line":90,"column":17},"end":{"line":90,"column":35}},"47":{"start":{"line":94,"column":2},"end":{"line":98,"column":3}},"48":{"start":{"line":95,"column":3},"end":{"line":95,"column":null}},"49":{"start":{"line":96,"column":3},"end":{"line":96,"column":null}},"50":{"start":{"line":97,"column":3},"end":{"line":97,"column":9}},"51":{"start":{"line":100,"column":13},"end":{"line":103,"column":null}},"52":{"start":{"line":106,"column":2},"end":{"line":113,"column":3}},"53":{"start":{"line":107,"column":15},"end":{"line":107,"column":46}},"54":{"start":{"line":108,"column":3},"end":{"line":108,"column":null}},"55":{"start":{"line":109,"column":3},"end":{"line":109,"column":47}},"56":{"start":{"line":110,"column":3},"end":{"line":110,"column":null}},"57":{"start":{"line":112,"column":3},"end":{"line":112,"column":null}},"58":{"start":{"line":115,"column":2},"end":{"line":119,"column":3}},"59":{"start":{"line":116,"column":3},"end":{"line":116,"column":null}},"60":{"start":{"line":117,"column":3},"end":{"line":117,"column":null}},"61":{"start":{"line":118,"column":3},"end":{"line":118,"column":9}},"62":{"start":{"line":121,"column":2},"end":{"line":121,"column":null}},"63":{"start":{"line":125,"column":2},"end":{"line":128,"column":41}},"64":{"start":{"line":126,"column":3},"end":{"line":127,"column":null}},"65":{"start":{"line":134,"column":2},"end":{"line":134,"column":null}},"66":{"start":{"line":135,"column":2},"end":{"line":135,"column":null}},"67":{"start":{"line":139,"column":2},"end":{"line":139,"column":null}},"68":{"start":{"line":142,"column":2},"end":{"line":146,"column":3}},"69":{"start":{"line":143,"column":3},"end":{"line":145,"column":4}},"70":{"start":{"line":144,"column":4},"end":{"line":144,"column":null}},"71":{"start":{"line":144,"column":54},"end":{"line":144,"column":75}},"72":{"start":{"line":148,"column":2},"end":{"line":190,"column":3}},"73":{"start":{"line":150,"column":3},"end":{"line":150,"column":null}},"74":{"start":{"line":151,"column":3},"end":{"line":156,"column":4}},"75":{"start":{"line":152,"column":4},"end":{"line":155,"column":5}},"76":{"start":{"line":153,"column":5},"end":{"line":153,"column":null}},"77":{"start":{"line":154,"column":5},"end":{"line":154,"column":null}},"78":{"start":{"line":157,"column":9},"end":{"line":190,"column":3}},"79":{"start":{"line":159,"column":19},"end":{"line":159,"column":33}},"80":{"start":{"line":160,"column":22},"end":{"line":160,"column":33}},"81":{"start":{"line":161,"column":3},"end":{"line":161,"column":null}},"82":{"start":{"line":163,"column":31},"end":{"line":164,"column":null}},"83":{"start":{"line":164,"column":9},"end":{"line":164,"column":62}},"84":{"start":{"line":167,"column":3},"end":{"line":189,"column":4}},"85":{"start":{"line":169,"column":18},"end":{"line":171,"column":40}},"86":{"start":{"line":170,"column":18},"end":{"line":170,"column":31}},"87":{"start":{"line":171,"column":25},"end":{"line":171,"column":36}},"88":{"start":{"line":173,"column":4},"end":{"line":173,"column":null}},"89":{"start":{"line":174,"column":4},"end":{"line":174,"column":null}},"90":{"start":{"line":175,"column":4},"end":{"line":175,"column":null}},"91":{"start":{"line":177,"column":4},"end":{"line":177,"column":null}},"92":{"start":{"line":180,"column":4},"end":{"line":180,"column":null}},"93":{"start":{"line":181,"column":4},"end":{"line":181,"column":null}},"94":{"start":{"line":183,"column":4},"end":{"line":188,"column":5}},"95":{"start":{"line":184,"column":5},"end":{"line":187,"column":6}},"96":{"start":{"line":185,"column":6},"end":{"line":185,"column":null}},"97":{"start":{"line":186,"column":6},"end":{"line":186,"column":null}},"98":{"start":{"line":192,"column":2},"end":{"line":192,"column":null}},"99":{"start":{"line":193,"column":2},"end":{"line":195,"column":3}},"100":{"start":{"line":194,"column":3},"end":{"line":194,"column":null}},"101":{"start":{"line":197,"column":2},"end":{"line":197,"column":null}},"102":{"start":{"line":198,"column":2},"end":{"line":198,"column":null}},"103":{"start":{"line":202,"column":2},"end":{"line":206,"column":3}},"104":{"start":{"line":203,"column":3},"end":{"line":205,"column":4}},"105":{"start":{"line":204,"column":4},"end":{"line":204,"column":null}},"106":{"start":{"line":210,"column":2},"end":{"line":210,"column":null}},"107":{"start":{"line":212,"column":24},"end":{"line":212,"column":63}},"108":{"start":{"line":212,"column":49},"end":{"line":212,"column":62}},"109":{"start":{"line":213,"column":22},"end":{"line":213,"column":42}},"110":{"start":{"line":216,"column":23},"end":{"line":216,"column":44}},"111":{"start":{"line":217,"column":25},"end":{"line":217,"column":59}},"112":{"start":{"line":217,"column":51},"end":{"line":217,"column":58}},"113":{"start":{"line":218,"column":29},"end":{"line":218,"column":43}},"114":{"start":{"line":220,"column":2},"end":{"line":220,"column":null}},"115":{"start":{"line":221,"column":2},"end":{"line":221,"column":null}},"116":{"start":{"line":222,"column":2},"end":{"line":222,"column":null}},"117":{"start":{"line":223,"column":2},"end":{"line":223,"column":null}},"118":{"start":{"line":224,"column":2},"end":{"line":224,"column":null}},"119":{"start":{"line":227,"column":2},"end":{"line":227,"column":null}},"120":{"start":{"line":228,"column":2},"end":{"line":228,"column":null}},"121":{"start":{"line":230,"column":2},"end":{"line":230,"column":null}},"122":{"start":{"line":233,"column":2},"end":{"line":233,"column":null}},"123":{"start":{"line":234,"column":2},"end":{"line":234,"column":null}},"124":{"start":{"line":236,"column":2},"end":{"line":236,"column":null}},"125":{"start":{"line":237,"column":2},"end":{"line":237,"column":null}},"126":{"start":{"line":240,"column":2},"end":{"line":243,"column":3}},"127":{"start":{"line":241,"column":3},"end":{"line":241,"column":null}},"128":{"start":{"line":242,"column":3},"end":{"line":242,"column":null}},"129":{"start":{"line":246,"column":2},"end":{"line":246,"column":null}},"130":{"start":{"line":248,"column":2},"end":{"line":248,"column":null}},"131":{"start":{"line":249,"column":2},"end":{"line":249,"column":null}},"132":{"start":{"line":250,"column":2},"end":{"line":250,"column":null}},"133":{"start":{"line":253,"column":2},"end":{"line":255,"column":3}},"134":{"start":{"line":254,"column":3},"end":{"line":254,"column":null}},"135":{"start":{"line":258,"column":2},"end":{"line":260,"column":3}},"136":{"start":{"line":259,"column":3},"end":{"line":259,"column":null}},"137":{"start":{"line":262,"column":2},"end":{"line":262,"column":null}},"138":{"start":{"line":266,"column":2},"end":{"line":266,"column":null}},"139":{"start":{"line":266,"column":34},"end":{"line":266,"column":47}},"140":{"start":{"line":270,"column":2},"end":{"line":270,"column":null}},"141":{"start":{"line":270,"column":26},"end":{"line":270,"column":null}},"142":{"start":{"line":271,"column":2},"end":{"line":271,"column":null}},"143":{"start":{"line":271,"column":32},"end":{"line":271,"column":45}},"144":{"start":{"line":6,"column":0},"end":{"line":6,"column":13}}},"fnMap":{"0":{"name":"(anonymous_0)","decl":{"start":{"line":14,"column":1},"end":{"line":14,"column":13}},"loc":{"start":{"line":14,"column":32},"end":{"line":23,"column":2}}},"1":{"name":"(anonymous_1)","decl":{"start":{"line":19,"column":53},"end":{"line":19,"column":54}},"loc":{"start":{"line":19,"column":63},"end":{"line":19,"column":80}}},"2":{"name":"(anonymous_2)","decl":{"start":{"line":25,"column":9},"end":{"line":25,"column":19}},"loc":{"start":{"line":25,"column":19},"end":{"line":39,"column":2}}},"3":{"name":"(anonymous_3)","decl":{"start":{"line":41,"column":9},"end":{"line":41,"column":16}},"loc":{"start":{"line":41,"column":29},"end":{"line":46,"column":2}}},"4":{"name":"(anonymous_4)","decl":{"start":{"line":48,"column":9},"end":{"line":48,"column":18}},"loc":{"start":{"line":48,"column":18},"end":{"line":60,"column":2}}},"5":{"name":"(anonymous_5)","decl":{"start":{"line":50,"column":44},"end":{"line":50,"column":45}},"loc":{"start":{"line":50,"column":49},"end":{"line":50,"column":62}}},"6":{"name":"(anonymous_6)","decl":{"start":{"line":62,"column":1},"end":{"line":62,"column":5}},"loc":{"start":{"line":62,"column":18},"end":{"line":64,"column":2}}},"7":{"name":"(anonymous_7)","decl":{"start":{"line":66,"column":1},"end":{"line":66,"column":13}},"loc":{"start":{"line":66,"column":13},"end":{"line":75,"column":2}}},"8":{"name":"(anonymous_8)","decl":{"start":{"line":77,"column":1},"end":{"line":77,"column":16}},"loc":{"start":{"line":77,"column":16},"end":{"line":82,"column":2}}},"9":{"name":"(anonymous_9)","decl":{"start":{"line":84,"column":1},"end":{"line":84,"column":9}},"loc":{"start":{"line":89,"column":2},"end":{"line":122,"column":2}}},"10":{"name":"(anonymous_10)","decl":{"start":{"line":124,"column":1},"end":{"line":124,"column":11}},"loc":{"start":{"line":124,"column":11},"end":{"line":129,"column":2}}},"11":{"name":"(anonymous_11)","decl":{"start":{"line":131,"column":1},"end":{"line":131,"column":10}},"loc":{"start":{"line":131,"column":26},"end":{"line":136,"column":2}}},"12":{"name":"(anonymous_12)","decl":{"start":{"line":138,"column":9},"end":{"line":138,"column":21}},"loc":{"start":{"line":138,"column":21},"end":{"line":199,"column":2}}},"13":{"name":"(anonymous_13)","decl":{"start":{"line":144,"column":49},"end":{"line":144,"column":50}},"loc":{"start":{"line":144,"column":54},"end":{"line":144,"column":75}}},"14":{"name":"(anonymous_14)","decl":{"start":{"line":164,"column":4},"end":{"line":164,"column":5}},"loc":{"start":{"line":164,"column":9},"end":{"line":164,"column":62}}},"15":{"name":"(anonymous_15)","decl":{"start":{"line":170,"column":13},"end":{"line":170,"column":14}},"loc":{"start":{"line":170,"column":18},"end":{"line":170,"column":31}}},"16":{"name":"(anonymous_16)","decl":{"start":{"line":171,"column":13},"end":{"line":171,"column":14}},"loc":{"start":{"line":171,"column":25},"end":{"line":171,"column":36}}},"17":{"name":"(anonymous_17)","decl":{"start":{"line":201,"column":9},"end":{"line":201,"column":26}},"loc":{"start":{"line":201,"column":26},"end":{"line":207,"column":2}}},"18":{"name":"(anonymous_18)","decl":{"start":{"line":209,"column":9},"end":{"line":209,"column":19}},"loc":{"start":{"line":209,"column":19},"end":{"line":263,"column":2}}},"19":{"name":"(anonymous_19)","decl":{"start":{"line":212,"column":44},"end":{"line":212,"column":45}},"loc":{"start":{"line":212,"column":49},"end":{"line":212,"column":62}}},"20":{"name":"(anonymous_20)","decl":{"start":{"line":217,"column":46},"end":{"line":217,"column":47}},"loc":{"start":{"line":217,"column":51},"end":{"line":217,"column":58}}},"21":{"name":"(anonymous_21)","decl":{"start":{"line":265,"column":1},"end":{"line":265,"column":11}},"loc":{"start":{"line":265,"column":11},"end":{"line":267,"column":2}}},"22":{"name":"(anonymous_22)","decl":{"start":{"line":266,"column":29},"end":{"line":266,"column":30}},"loc":{"start":{"line":266,"column":34},"end":{"line":266,"column":47}}},"23":{"name":"(anonymous_23)","decl":{"start":{"line":269,"column":1},"end":{"line":269,"column":10}},"loc":{"start":{"line":269,"column":10},"end":{"line":272,"column":2}}},"24":{"name":"(anonymous_24)","decl":{"start":{"line":271,"column":27},"end":{"line":271,"column":28}},"loc":{"start":{"line":271,"column":32},"end":{"line":271,"column":45}}}},"branchMap":{"0":{"loc":{"start":{"line":15,"column":2},"end":{"line":17,"column":3}},"type":"if","locations":[{"start":{"line":15,"column":2},"end":{"line":17,"column":3}},{"start":{},"end":{}}]},"1":{"loc":{"start":{"line":15,"column":6},"end":{"line":15,"column":84}},"type":"binary-expr","locations":[{"start":{"line":15,"column":6},"end":{"line":15,"column":43}},{"start":{"line":15,"column":47},"end":{"line":15,"column":84}}]},"2":{"loc":{"start":{"line":34,"column":2},"end":{"line":36,"column":3}},"type":"if","locations":[{"start":{"line":34,"column":2},"end":{"line":36,"column":3}},{"start":{},"end":{}}]},"3":{"loc":{"start":{"line":53,"column":3},"end":{"line":55,"column":4}},"type":"if","locations":[{"start":{"line":53,"column":3},"end":{"line":55,"column":4}},{"start":{},"end":{}}]},"4":{"loc":{"start":{"line":67,"column":2},"end":{"line":69,"column":3}},"type":"if","locations":[{"start":{"line":67,"column":2},"end":{"line":69,"column":3}},{"start":{},"end":{}}]},"5":{"loc":{"start":{"line":71,"column":2},"end":{"line":73,"column":3}},"type":"if","locations":[{"start":{"line":71,"column":2},"end":{"line":73,"column":3}},{"start":{},"end":{}}]},"6":{"loc":{"start":{"line":78,"column":2},"end":{"line":80,"column":3}},"type":"if","locations":[{"start":{"line":78,"column":2},"end":{"line":80,"column":3}},{"start":{},"end":{}}]},"7":{"loc":{"start":{"line":94,"column":2},"end":{"line":98,"column":3}},"type":"if","locations":[{"start":{"line":94,"column":2},"end":{"line":98,"column":3}},{"start":{},"end":{}}]},"8":{"loc":{"start":{"line":100,"column":13},"end":{"line":103,"column":null}},"type":"binary-expr","locations":[{"start":{"line":100,"column":13},"end":{"line":100,"column":30}},{"start":{"line":101,"column":3},"end":{"line":103,"column":28}}]},"9":{"loc":{"start":{"line":101,"column":3},"end":{"line":103,"column":28}},"type":"cond-expr","locations":[{"start":{"line":102,"column":6},"end":{"line":102,"column":25}},{"start":{"line":103,"column":6},"end":{"line":103,"column":28}}]},"10":{"loc":{"start":{"line":106,"column":2},"end":{"line":113,"column":3}},"type":"if","locations":[{"start":{"line":106,"column":2},"end":{"line":113,"column":3}},{"start":{"line":111,"column":9},"end":{"line":113,"column":3}}]},"11":{"loc":{"start":{"line":115,"column":2},"end":{"line":119,"column":3}},"type":"if","locations":[{"start":{"line":115,"column":2},"end":{"line":119,"column":3}},{"start":{},"end":{}}]},"12":{"loc":{"start":{"line":134,"column":19},"end":{"line":134,"column":47}},"type":"binary-expr","locations":[{"start":{"line":134,"column":19},"end":{"line":134,"column":25}},{"start":{"line":134,"column":29},"end":{"line":134,"column":47}}]},"13":{"loc":{"start":{"line":143,"column":3},"end":{"line":145,"column":4}},"type":"if","locations":[{"start":{"line":143,"column":3},"end":{"line":145,"column":4}},{"start":{},"end":{}}]},"14":{"loc":{"start":{"line":148,"column":2},"end":{"line":190,"column":3}},"type":"if","locations":[{"start":{"line":148,"column":2},"end":{"line":190,"column":3}},{"start":{"line":157,"column":9},"end":{"line":190,"column":3}}]},"15":{"loc":{"start":{"line":152,"column":4},"end":{"line":155,"column":5}},"type":"if","locations":[{"start":{"line":152,"column":4},"end":{"line":155,"column":5}},{"start":{},"end":{}}]},"16":{"loc":{"start":{"line":157,"column":9},"end":{"line":190,"column":3}},"type":"if","locations":[{"start":{"line":157,"column":9},"end":{"line":190,"column":3}},{"start":{},"end":{}}]},"17":{"loc":{"start":{"line":164,"column":9},"end":{"line":164,"column":62}},"type":"binary-expr","locations":[{"start":{"line":164,"column":9},"end":{"line":164,"column":22}},{"start":{"line":164,"column":26},"end":{"line":164,"column":39}},{"start":{"line":164,"column":43},"end":{"line":164,"column":62}}]},"18":{"loc":{"start":{"line":167,"column":3},"end":{"line":189,"column":4}},"type":"if","locations":[{"start":{"line":167,"column":3},"end":{"line":189,"column":4}},{"start":{"line":178,"column":10},"end":{"line":189,"column":4}}]},"19":{"loc":{"start":{"line":184,"column":5},"end":{"line":187,"column":6}},"type":"if","locations":[{"start":{"line":184,"column":5},"end":{"line":187,"column":6}},{"start":{},"end":{}}]},"20":{"loc":{"start":{"line":184,"column":9},"end":{"line":184,"column":39}},"type":"binary-expr","locations":[{"start":{"line":184,"column":9},"end":{"line":184,"column":22}},{"start":{"line":184,"column":26},"end":{"line":184,"column":39}}]},"21":{"loc":{"start":{"line":194,"column":54},"end":{"line":194,"column":87}},"type":"cond-expr","locations":[{"start":{"line":194,"column":69},"end":{"line":194,"column":82}},{"start":{"line":194,"column":85},"end":{"line":194,"column":87}}]},"22":{"loc":{"start":{"line":203,"column":3},"end":{"line":205,"column":4}},"type":"if","locations":[{"start":{"line":203,"column":3},"end":{"line":205,"column":4}},{"start":{},"end":{}}]},"23":{"loc":{"start":{"line":258,"column":2},"end":{"line":260,"column":3}},"type":"if","locations":[{"start":{"line":258,"column":2},"end":{"line":260,"column":3}},{"start":{},"end":{}}]},"24":{"loc":{"start":{"line":270,"column":2},"end":{"line":270,"column":null}},"type":"if","locations":[{"start":{"line":270,"column":2},"end":{"line":270,"column":null}},{"start":{},"end":{}}]},"25":{"loc":{"start":{"line":271,"column":9},"end":{"line":271,"column":54}},"type":"binary-expr","locations":[{"start":{"line":271,"column":9},"end":{"line":271,"column":46}},{"start":{"line":271,"column":50},"end":{"line":271,"column":54}}]}},"s":{"0":1,"1":1,"2":1,"3":52,"4":52,"5":52,"6":52,"7":52,"8":2,"9":50,"10":111,"11":50,"12":49,"13":49,"14":70,"15":70,"16":70,"17":280,"18":280,"19":280,"20":280,"21":280,"22":2800,"23":70,"24":1,"25":69,"26":69,"27":69,"28":3519,"29":3519,"30":70,"31":154,"32":70,"33":149,"34":1,"35":148,"36":41,"37":9,"38":1,"39":8,"40":8,"41":1,"42":7,"43":4,"44":1,"45":3,"46":22,"47":22,"48":13,"49":13,"50":13,"51":9,"52":9,"53":4,"54":4,"55":4,"56":4,"57":5,"58":9,"59":2,"60":2,"61":2,"62":7,"63":10,"64":11,"65":5,"66":5,"67":20,"68":20,"69":43,"70":42,"71":126,"72":20,"73":13,"74":13,"75":28,"76":27,"77":27,"78":7,"79":7,"80":7,"81":7,"82":7,"83":15,"84":7,"85":2,"86":5,"87":5,"88":2,"89":2,"90":2,"91":2,"92":5,"93":5,"94":5,"95":10,"96":5,"97":5,"98":20,"99":20,"100":43,"101":20,"102":20,"103":20,"104":43,"105":3,"106":20,"107":20,"108":43,"109":20,"110":20,"111":20,"112":43,"113":20,"114":20,"115":20,"116":20,"117":20,"118":20,"119":20,"120":20,"121":20,"122":20,"123":20,"124":20,"125":20,"126":20,"127":43,"128":43,"129":20,"130":20,"131":20,"132":20,"133":20,"134":39,"135":20,"136":2,"137":20,"138":10,"139":25,"140":4,"141":2,"142":2,"143":4,"144":1},"f":{"0":52,"1":111,"2":70,"3":69,"4":70,"5":154,"6":41,"7":9,"8":4,"9":22,"10":10,"11":5,"12":20,"13":126,"14":15,"15":5,"16":5,"17":20,"18":20,"19":43,"20":43,"21":10,"22":25,"23":4,"24":4},"b":{"0":[2,50],"1":[52,51],"2":[1,69],"3":[1,148],"4":[1,8],"5":[1,7],"6":[1,3],"7":[13,9],"8":[9,8],"9":[6,2],"10":[4,5],"11":[2,7],"12":[5,0],"13":[42,1],"14":[13,7],"15":[27,1],"16":[7,0],"17":[15,8,8],"18":[2,5],"19":[5,5],"20":[10,5],"21":[1,42],"22":[3,40],"23":[2,18],"24":[2,2],"25":[2,0]}}
,"/Users/jxnata/Projects/card-game/src/utils/Utils.ts": {"path":"/Users/jxnata/Projects/card-game/src/utils/Utils.ts","statementMap":{"0":{"start":{"line":5,"column":2},"end":{"line":5,"column":null}},"1":{"start":{"line":5,"column":26},"end":{"line":5,"column":null}},"2":{"start":{"line":6,"column":2},"end":{"line":6,"column":null}},"3":{"start":{"line":3,"column":0},"end":{"line":3,"column":13}}},"fnMap":{"0":{"name":"(anonymous_0)","decl":{"start":{"line":4,"column":1},"end":{"line":4,"column":7}},"loc":{"start":{"line":4,"column":31},"end":{"line":7,"column":2}}}},"branchMap":{"0":{"loc":{"start":{"line":5,"column":2},"end":{"line":5,"column":null}},"type":"if","locations":[{"start":{"line":5,"column":2},"end":{"line":5,"column":null}},{"start":{},"end":{}}]},"1":{"loc":{"start":{"line":6,"column":9},"end":{"line":6,"column":102}},"type":"cond-expr","locations":[{"start":{"line":6,"column":22},"end":{"line":6,"column":25}},{"start":{"line":6,"column":28},"end":{"line":6,"column":102}}]},"2":{"loc":{"start":{"line":6,"column":28},"end":{"line":6,"column":102}},"type":"cond-expr","locations":[{"start":{"line":6,"column":41},"end":{"line":6,"column":44}},{"start":{"line":6,"column":47},"end":{"line":6,"column":102}}]},"3":{"loc":{"start":{"line":6,"column":47},"end":{"line":6,"column":102}},"type":"cond-expr","locations":[{"start":{"line":6,"column":61},"end":{"line":6,"column":64}},{"start":{"line":6,"column":67},"end":{"line":6,"column":102}}]},"4":{"loc":{"start":{"line":6,"column":67},"end":{"line":6,"column":102}},"type":"cond-expr","locations":[{"start":{"line":6,"column":81},"end":{"line":6,"column":84}},{"start":{"line":6,"column":87},"end":{"line":6,"column":102}}]}},"s":{"0":134,"1":1,"2":133,"3":2},"f":{"0":134},"b":{"0":[1,133],"1":[6,127],"2":[30,97],"3":[2,95],"4":[4,91]}}
}
