TN:
SF:src/config/game.config.ts
FNF:0
FNH:0
DA:1,2
LF:1
LH:1
BRF:0
BRH:0
end_of_record
TN:
SF:src/models/Player.ts
FN:10,(anonymous_0)
FN:17,(anonymous_1)
FN:18,(anonymous_2)
FN:21,(anonymous_3)
FN:23,(anonymous_4)
FN:24,(anonymous_5)
FN:27,(anonymous_6)
FN:28,(anonymous_7)
FNF:8
FNH:8
FNDA:127,(anonymous_0)
FNDA:163,(anonymous_1)
FNDA:486,(anonymous_2)
FNDA:3,(anonymous_3)
FNDA:9,(anonymous_4)
FNDA:5,(anonymous_5)
FNDA:3,(anonymous_6)
FNDA:9,(anonymous_7)
DA:3,2
DA:7,127
DA:8,127
DA:11,127
DA:12,127
DA:13,127
DA:14,127
DA:18,486
DA:22,3
DA:23,9
DA:24,5
DA:28,9
LF:12
LH:12
BRDA:18,0,0,486
BRDA:18,0,1,20
BRF:2
BRH:2
end_of_record
TN:
SF:src/services/Game.ts
FN:14,(anonymous_0)
FN:19,(anonymous_1)
FN:25,(anonymous_2)
FN:41,(anonymous_3)
FN:48,(anonymous_4)
FN:50,(anonymous_5)
FN:62,(anonymous_6)
FN:66,(anonymous_7)
FN:77,(anonymous_8)
FN:84,(anonymous_9)
FN:124,(anonymous_10)
FN:131,(anonymous_11)
FN:138,(anonymous_12)
FN:144,(anonymous_13)
FN:164,(anonymous_14)
FN:170,(anonymous_15)
FN:171,(anonymous_16)
FN:201,(anonymous_17)
FN:209,(anonymous_18)
FN:212,(anonymous_19)
FN:217,(anonymous_20)
FN:265,(anonymous_21)
FN:266,(anonymous_22)
FN:269,(anonymous_23)
FN:271,(anonymous_24)
FNF:25
FNH:25
FNDA:52,(anonymous_0)
FNDA:111,(anonymous_1)
FNDA:70,(anonymous_2)
FNDA:69,(anonymous_3)
FNDA:70,(anonymous_4)
FNDA:154,(anonymous_5)
FNDA:41,(anonymous_6)
FNDA:9,(anonymous_7)
FNDA:4,(anonymous_8)
FNDA:22,(anonymous_9)
FNDA:10,(anonymous_10)
FNDA:5,(anonymous_11)
FNDA:20,(anonymous_12)
FNDA:126,(anonymous_13)
FNDA:15,(anonymous_14)
FNDA:5,(anonymous_15)
FNDA:5,(anonymous_16)
FNDA:20,(anonymous_17)
FNDA:20,(anonymous_18)
FNDA:43,(anonymous_19)
FNDA:43,(anonymous_20)
FNDA:10,(anonymous_21)
FNDA:25,(anonymous_22)
FNDA:4,(anonymous_23)
FNDA:4,(anonymous_24)
DA:1,1
DA:2,1
DA:4,1
DA:6,1
DA:9,52
DA:10,52
DA:11,52
DA:12,52
DA:15,52
DA:16,2
DA:19,111
DA:20,50
DA:21,49
DA:22,49
DA:26,70
DA:27,70
DA:28,280
DA:29,280
DA:30,280
DA:31,2800
DA:34,70
DA:35,1
DA:38,69
DA:42,69
DA:43,3519
DA:44,3519
DA:50,154
DA:52,70
DA:53,149
DA:54,1
DA:56,148
DA:63,41
DA:67,9
DA:68,1
DA:70,8
DA:71,8
DA:72,1
DA:74,7
DA:78,4
DA:79,1
DA:81,3
DA:90,22
DA:94,22
DA:95,13
DA:96,13
DA:97,13
DA:100,9
DA:106,9
DA:107,4
DA:108,4
DA:109,4
DA:110,4
DA:112,5
DA:115,9
DA:116,2
DA:117,2
DA:118,2
DA:121,7
DA:125,10
DA:126,11
DA:134,5
DA:135,5
DA:139,20
DA:142,20
DA:143,43
DA:144,126
DA:148,20
DA:150,13
DA:151,13
DA:152,28
DA:153,27
DA:154,27
DA:157,7
DA:159,7
DA:160,7
DA:161,7
DA:163,7
DA:164,15
DA:167,7
DA:169,2
DA:170,5
DA:171,5
DA:173,2
DA:174,2
DA:175,2
DA:177,2
DA:180,5
DA:181,5
DA:183,5
DA:184,10
DA:185,5
DA:186,5
DA:192,20
DA:193,20
DA:194,43
DA:197,20
DA:198,20
DA:202,20
DA:203,43
DA:204,3
DA:210,20
DA:212,43
DA:213,20
DA:216,20
DA:217,43
DA:218,20
DA:220,20
DA:221,20
DA:222,20
DA:223,20
DA:224,20
DA:227,20
DA:228,20
DA:230,20
DA:233,20
DA:234,20
DA:236,20
DA:237,20
DA:240,20
DA:241,43
DA:242,43
DA:246,20
DA:248,20
DA:249,20
DA:250,20
DA:253,20
DA:254,39
DA:258,20
DA:259,2
DA:262,20
DA:266,25
DA:270,4
DA:271,4
LF:133
LH:133
BRDA:15,0,0,2
BRDA:15,0,1,50
BRDA:15,1,0,52
BRDA:15,1,1,51
BRDA:34,2,0,1
BRDA:34,2,1,69
BRDA:53,3,0,1
BRDA:53,3,1,148
BRDA:67,4,0,1
BRDA:67,4,1,8
BRDA:71,5,0,1
BRDA:71,5,1,7
BRDA:78,6,0,1
BRDA:78,6,1,3
BRDA:94,7,0,13
BRDA:94,7,1,9
BRDA:100,8,0,9
BRDA:100,8,1,8
BRDA:101,9,0,6
BRDA:101,9,1,2
BRDA:106,10,0,4
BRDA:106,10,1,5
BRDA:115,11,0,2
BRDA:115,11,1,7
BRDA:134,12,0,5
BRDA:134,12,1,0
BRDA:143,13,0,42
BRDA:143,13,1,1
BRDA:148,14,0,13
BRDA:148,14,1,7
BRDA:152,15,0,27
BRDA:152,15,1,1
BRDA:157,16,0,7
BRDA:157,16,1,0
BRDA:164,17,0,15
BRDA:164,17,1,8
BRDA:164,17,2,8
BRDA:167,18,0,2
BRDA:167,18,1,5
BRDA:184,19,0,5
BRDA:184,19,1,5
BRDA:184,20,0,10
BRDA:184,20,1,5
BRDA:194,21,0,1
BRDA:194,21,1,42
BRDA:203,22,0,3
BRDA:203,22,1,40
BRDA:258,23,0,2
BRDA:258,23,1,18
BRDA:270,24,0,2
BRDA:270,24,1,2
BRDA:271,25,0,2
BRDA:271,25,1,0
BRF:53
BRH:50
end_of_record
TN:
SF:src/utils/Utils.ts
FN:4,(anonymous_0)
FNF:1
FNH:1
FNDA:134,(anonymous_0)
DA:3,2
DA:5,134
DA:6,133
LF:3
LH:3
BRDA:5,0,0,1
BRDA:5,0,1,133
BRDA:6,1,0,6
BRDA:6,1,1,127
BRDA:6,2,0,30
BRDA:6,2,1,97
BRDA:6,3,0,2
BRDA:6,3,1,95
BRDA:6,4,0,4
BRDA:6,4,1,91
BRF:10
BRH:10
end_of_record
